OK
Let's go go go go go!

[check_balance(A)]
68.0
**N/A**

[check_balance(B)]
51.0
**N/A**

[send_and_must_receive(A,2+B,5 1234,You're about to share P\d+ load with \d+\. R
eply YES within 5 minutes to proceed\. P1\/transaction\. Report text scams to ww
w\.globe\.com\.ph)]
You're about to share P5 load with 09054292739. Reply YES within 5 minutes to pr
oceed. P1/transaction. Report text scams to www.globe.com.ph
**PASSED**

[must_be_charged(A,1)]
Acutal charge: 1.0
**PASSED**

[must_be_charged(B,0)]
Acutal charge: 0.0
**PASSED**

[send_reply(A,YES,60)]
**N/A**

[must_receive(A,2916,You have successfully shared P5 to [0+B#]. P1 fee for this
txn. Thank you for using Share-A-Load. TransID: [??????] [Date] [Time].)]
2916: You have successfully shared P5 with 09054292739. P1/transaction.Thank you
 for using Share-A-Load. Trans ID: 158270434 02/10/2015 10:20AM
**PASSED**

[must_receive(B,2916,You have just been shared P5 by [0+A#]. P5 load will expire
 in 15 day(s). TransID: [??????] [Date] [Time].)]
2916: You have just received P5 from 09062627862. This load will expire after 3
day/s. Trans ID: 158270434 02/10/2015 10:20AM
**PASSED**

[must_be_charged(A,5)]
Acutal charge: 6.0
**FAILED**

[must_be_charged(B,-5)]
Acutal charge: -5.0
**PASSED**